
> web@0.1.0 build /Users/zumerkekillioglu/Desktop/atls/apps/web
> next build

▲ Next.js 16.1.6 (Turbopack)
- Environments: .env.local

  Creating an optimized production build ...
✓ Compiled successfully in 3.8min
  Running TypeScript ...
  Collecting page data using 7 workers ...
  Generating static pages using 7 workers (0/54) ...
  Generating static pages using 7 workers (13/54) 
  Generating static pages using 7 workers (26/54) 
  Generating static pages using 7 workers (40/54) 
Failed to fetch packages from server: TypeError: fetch failed
    at ignore-listed frames {
  [cause]: AggregateError: 
      at ignore-listed frames {
    code: 'ECONNREFUSED'
  }
}
✓ Generating static pages using 7 workers (54/54) in 1092.4ms
  Finalizing page optimization ...

Route (app)                      Revalidate  Expire
┌ ○ /                                    1h      1y
├ ○ /_not-found
├ ○ /admin
├ ○ /admin/assignments/students
├ ○ /admin/assignments/teachers
├ ○ /admin/grades
├ ○ /admin/packages
├ ○ /admin/schedule
├ ○ /admin/subjects
├ ○ /admin/topics
├ ○ /admin/units
├ ○ /admin/users
├ ○ /blog
├ ○ /canli-dersler
├ ○ /gizlilik-politikasi
├ ○ /hakkimizda
├ ○ /kullanim-sartlari
├ ○ /kvkk
├ ○ /login
├ ○ /ogretmenler
├ ○ /packages
├ ○ /parent
├ ○ /parent/profile
├ ○ /payment
├ ○ /payment/callback
├ ○ /payment/result
├ ○ /register
├ ○ /robots.txt
├ ○ /sitemap.xml
├ ○ /soru-bankasi
├ ○ /sss
├ ○ /student
├ ○ /student/assignments
├ ○ /student/courses
├ ○ /student/exams
├ ƒ /student/exams/[id]
├ ƒ /student/exams/[id]/result
├ ○ /student/live-classes
├ ○ /student/packages
├ ○ /student/profile
├ ○ /student/schedule
├ ○ /student/settings
├ ○ /student/support
├ ○ /student/videos
├ ○ /teacher
├ ○ /teacher/assignments
├ ○ /teacher/classes
├ ○ /teacher/live-classes
├ ○ /teacher/profile
├ ○ /teacher/questions
├ ○ /teacher/schedule
├ ○ /teacher/tests
├ ○ /teacher/videos
└ ○ /video-kutuphanesi


○  (Static)   prerendered as static content
ƒ  (Dynamic)  server-rendered on demand

